INFO [com.revature.services.impl.ReimbursementServiceImpl] May 12 - 12:43 - null null viewed their resolved reimbursements
INFO [com.revature.services.impl.ReimbursementServiceImpl] May 12 - 12:43 - null null viewed their pending reimbursements
INFO [com.revature.services.impl.ReimbursementServiceImpl] May 12 - 12:45 - null null viewed their resolved reimbursements
INFO [com.revature.services.impl.UserServiceImpl] May 12 - 12:45 - an email was sent to Petey Leven
INFO [com.revature.services.impl.UserServiceImpl] May 12 - 12:45 - an email was sent to Petey Leven
INFO [com.revature.services.impl.UserServiceImpl] May 12 - 12:45 - an email was sent to Petey Leven
INFO [com.revature.services.impl.ReimbursementServiceImpl] May 12 - 12:45 - null null viewed their pending reimbursements
INFO [com.revature.services.impl.ReimbursementServiceImpl] May 21 - 15:41 - null null viewed their resolved reimbursements
INFO [com.revature.services.impl.UserServiceImpl] May 21 - 15:41 - an email was sent to Petey Leven
INFO [com.revature.services.impl.UserServiceImpl] May 21 - 15:41 - an email was sent to Petey Leven
INFO [com.revature.services.impl.UserServiceImpl] May 21 - 15:41 - an email was sent to Petey Leven
INFO [com.revature.services.impl.ReimbursementServiceImpl] May 21 - 15:41 - null null viewed their pending reimbursements
INFO [com.revature.services.impl.ReimbursementServiceImpl] May 21 - 15:44 - new reimbursement submitted by user#0 for review
INFO [com.revature.services.impl.ReimbursementServiceImpl] May 21 - 15:44 - null null viewed their pending reimbursements
INFO [com.revature.services.impl.ReimbursementServiceImpl] May 21 - 15:44 - null null viewed their resolved reimbursements
ERROR [com.revature.services.impl.UserServiceImpl] May 21 - 15:44 - there was a failed attempt to log in
INFO [com.revature.services.impl.UserServiceImpl] May 21 - 15:44 - null null logged in
ERROR [com.revature.services.impl.UserServiceImpl] May 21 - 15:44 - there was a failed attempt to log in
INFO [com.revature.services.impl.UserServiceImpl] May 21 - 15:44 - null null updated their information
ERROR [com.revature.services.impl.UserServiceImpl] May 21 - 15:44 - there was a failed attempt to log in
INFO [com.revature.services.impl.UserServiceImpl] May 21 - 15:51 - an email was sent to null null
ERROR [com.revature.services.impl.UserServiceImpl] May 21 - 15:51 - there was a failed attempt to log in
INFO [com.revature.services.impl.UserServiceImpl] May 21 - 15:51 - null null logged in
ERROR [com.revature.services.impl.UserServiceImpl] May 21 - 15:51 - there was a failed attempt to log in
INFO [com.revature.services.impl.UserServiceImpl] May 21 - 15:51 - null null updated their information
ERROR [com.revature.services.impl.UserServiceImpl] May 21 - 15:51 - there was a failed attempt to log in
INFO [com.revature.services.impl.ReimbursementServiceImpl] May 22 - 18:57 - null null viewed all their reimbursements
INFO [com.revature.services.impl.ReimbursementServiceImpl] May 22 - 18:58 - null null viewed all their reimbursements
INFO [com.revature.services.impl.ReimbursementServiceImpl] May 22 - 18:58 - null null viewed all their reimbursements
